сент. 29, 2025 4:01:43 AM app.model.Decorate <init>
FINE: Decorate created for shape: Линия
сент. 29, 2025 4:01:43 AM app.model.Decorate setAddons
FINE: Setting 0 addons
сент. 29, 2025 4:01:43 AM app.model.Decorate draw
FINER: Drawing decorated shape
сент. 29, 2025 4:01:43 AM app.model.Decorate <init>
FINE: Decorate created for shape: Линия
сент. 29, 2025 4:01:43 AM app.model.Decorate setAddons
FINE: Setting 0 addons
сент. 29, 2025 4:01:43 AM app.model.Decorate draw
FINER: Drawing decorated shape
сент. 29, 2025 4:01:43 AM app.model.Decorate <init>
FINE: Decorate created for shape: Линия
сент. 29, 2025 4:01:43 AM app.model.Decorate setAddons
FINE: Setting 0 addons
сент. 29, 2025 4:01:43 AM app.model.Decorate draw
FINER: Drawing decorated shape
сент. 29, 2025 4:01:43 AM app.model.Decorate <init>
FINE: Decorate created for shape: Линия
сент. 29, 2025 4:01:43 AM app.model.Decorate setAddons
FINE: Setting 0 addons
сент. 29, 2025 4:01:43 AM app.model.Decorate draw
FINER: Drawing decorated shape
сент. 29, 2025 4:01:43 AM app.model.Decorate <init>
FINE: Decorate created for shape: Линия
сент. 29, 2025 4:01:43 AM app.model.Decorate setAddons
FINE: Setting 0 addons
сент. 29, 2025 4:01:43 AM app.model.Decorate draw
FINER: Drawing decorated shape
сент. 29, 2025 4:01:43 AM app.model.Decorate <init>
FINE: Decorate created for shape: Линия
сент. 29, 2025 4:01:43 AM app.model.Decorate setAddons
FINE: Setting 0 addons
сент. 29, 2025 4:01:43 AM app.model.Decorate draw
FINER: Drawing decorated shape
сент. 29, 2025 4:01:43 AM app.model.Decorate <init>
FINE: Decorate created for shape: Линия
сент. 29, 2025 4:01:43 AM app.model.Decorate setAddons
FINE: Setting 0 addons
сент. 29, 2025 4:01:43 AM app.model.Decorate draw
FINER: Drawing decorated shape
сент. 29, 2025 4:01:43 AM app.model.Decorate <init>
FINE: Decorate created for shape: Линия
сент. 29, 2025 4:01:43 AM app.model.Decorate setAddons
FINE: Setting 0 addons
сент. 29, 2025 4:01:43 AM app.model.Decorate draw
FINER: Drawing decorated shape
сент. 29, 2025 4:01:43 AM app.model.Decorate <init>
FINE: Decorate created for shape: Линия
сент. 29, 2025 4:01:43 AM app.model.Decorate setAddons
FINE: Setting 0 addons
сент. 29, 2025 4:01:43 AM app.model.Decorate draw
FINER: Drawing decorated shape
сент. 29, 2025 4:01:44 AM app.model.Decorate <init>
FINE: Decorate created for shape: Угол
сент. 29, 2025 4:01:44 AM app.model.Decorate setAddons
FINE: Setting 0 addons
сент. 29, 2025 4:01:44 AM app.model.Decorate draw
FINER: Drawing decorated shape
сент. 29, 2025 4:01:44 AM app.model.Decorate <init>
FINE: Decorate created for shape: Угол
сент. 29, 2025 4:01:44 AM app.model.Decorate setAddons
FINE: Setting 0 addons
сент. 29, 2025 4:01:44 AM app.model.Decorate draw
FINER: Drawing decorated shape
сент. 29, 2025 4:01:44 AM app.model.Decorate <init>
FINE: Decorate created for shape: Угол
сент. 29, 2025 4:01:44 AM app.model.Decorate setAddons
FINE: Setting 0 addons
сент. 29, 2025 4:01:44 AM app.model.Decorate draw
FINER: Drawing decorated shape
сент. 29, 2025 4:01:44 AM app.model.Decorate <init>
FINE: Decorate created for shape: Угол
сент. 29, 2025 4:01:44 AM app.model.Decorate setAddons
FINE: Setting 0 addons
сент. 29, 2025 4:01:44 AM app.model.Decorate draw
FINER: Drawing decorated shape
сент. 29, 2025 4:01:44 AM app.model.Decorate <init>
FINE: Decorate created for shape: Угол
сент. 29, 2025 4:01:44 AM app.model.Decorate setAddons
FINE: Setting 0 addons
сент. 29, 2025 4:01:44 AM app.model.Decorate draw
FINER: Drawing decorated shape
сент. 29, 2025 4:01:44 AM app.model.Decorate <init>
FINE: Decorate created for shape: Угол
сент. 29, 2025 4:01:44 AM app.model.Decorate setAddons
FINE: Setting 0 addons
сент. 29, 2025 4:01:44 AM app.model.Decorate draw
FINER: Drawing decorated shape
сент. 29, 2025 4:01:44 AM app.model.Decorate <init>
FINE: Decorate created for shape: Угол
сент. 29, 2025 4:01:44 AM app.model.Decorate setAddons
FINE: Setting 0 addons
сент. 29, 2025 4:01:44 AM app.model.Decorate draw
FINER: Drawing decorated shape
сент. 29, 2025 4:01:44 AM app.model.Decorate <init>
FINE: Decorate created for shape: Угол
сент. 29, 2025 4:01:44 AM app.model.Decorate setAddons
FINE: Setting 0 addons
сент. 29, 2025 4:01:44 AM app.model.Decorate draw
FINER: Drawing decorated shape
сент. 29, 2025 4:01:44 AM app.model.Decorate <init>
FINE: Decorate created for shape: Угол
сент. 29, 2025 4:01:44 AM app.model.Decorate setAddons
FINE: Setting 0 addons
сент. 29, 2025 4:01:44 AM app.model.Decorate draw
FINER: Drawing decorated shape
сент. 29, 2025 4:01:45 AM app.model.Decorate <init>
FINE: Decorate created for shape: Пятиугольник
сент. 29, 2025 4:01:45 AM app.model.Decorate setAddons
FINE: Setting 0 addons
сент. 29, 2025 4:01:45 AM app.model.Decorate draw
FINER: Drawing decorated shape
сент. 29, 2025 4:01:45 AM app.model.Decorate <init>
FINE: Decorate created for shape: Пятиугольник
сент. 29, 2025 4:01:45 AM app.model.Decorate setAddons
FINE: Setting 0 addons
сент. 29, 2025 4:01:45 AM app.model.Decorate draw
FINER: Drawing decorated shape
сент. 29, 2025 4:01:45 AM app.model.Decorate <init>
FINE: Decorate created for shape: Пятиугольник
сент. 29, 2025 4:01:45 AM app.model.Decorate setAddons
FINE: Setting 0 addons
сент. 29, 2025 4:01:45 AM app.model.Decorate draw
FINER: Drawing decorated shape
сент. 29, 2025 4:01:45 AM app.model.Decorate <init>
FINE: Decorate created for shape: Пятиугольник
сент. 29, 2025 4:01:45 AM app.model.Decorate setAddons
FINE: Setting 0 addons
сент. 29, 2025 4:01:45 AM app.model.Decorate draw
FINER: Drawing decorated shape
сент. 29, 2025 4:01:45 AM app.model.Decorate <init>
FINE: Decorate created for shape: Пятиугольник
сент. 29, 2025 4:01:45 AM app.model.Decorate setAddons
FINE: Setting 0 addons
сент. 29, 2025 4:01:45 AM app.model.Decorate draw
FINER: Drawing decorated shape
сент. 29, 2025 4:01:45 AM app.model.Decorate <init>
FINE: Decorate created for shape: Пятиугольник
сент. 29, 2025 4:01:45 AM app.model.Decorate setAddons
FINE: Setting 0 addons
сент. 29, 2025 4:01:45 AM app.model.Decorate draw
FINER: Drawing decorated shape
сент. 29, 2025 4:01:45 AM app.model.Decorate <init>
FINE: Decorate created for shape: Пятиугольник
сент. 29, 2025 4:01:45 AM app.model.Decorate setAddons
FINE: Setting 0 addons
сент. 29, 2025 4:01:45 AM app.model.Decorate draw
FINER: Drawing decorated shape
сент. 29, 2025 4:01:45 AM app.model.Decorate <init>
FINE: Decorate created for shape: Пятиугольник
сент. 29, 2025 4:01:45 AM app.model.Decorate setAddons
FINE: Setting 0 addons
сент. 29, 2025 4:01:45 AM app.model.Decorate draw
FINER: Drawing decorated shape
сент. 29, 2025 4:01:45 AM app.model.Decorate <init>
FINE: Decorate created for shape: Пятиугольник
сент. 29, 2025 4:01:45 AM app.model.Decorate setAddons
FINE: Setting 0 addons
сент. 29, 2025 4:01:45 AM app.model.Decorate draw
FINER: Drawing decorated shape
сент. 29, 2025 4:01:46 AM app.model.Decorate <init>
FINE: Decorate created for shape: Пятиугольник
сент. 29, 2025 4:01:46 AM app.model.Decorate setAddons
FINE: Setting 0 addons
сент. 29, 2025 4:01:46 AM app.model.Decorate draw
FINER: Drawing decorated shape
сент. 29, 2025 4:01:46 AM app.model.Decorate <init>
FINE: Decorate created for shape: Пятиугольник
сент. 29, 2025 4:01:46 AM app.model.Decorate setAddons
FINE: Setting 0 addons
сент. 29, 2025 4:01:46 AM app.model.Decorate draw
FINER: Drawing decorated shape
сент. 29, 2025 4:01:46 AM app.model.Decorate <init>
FINE: Decorate created for shape: Пятиугольник
сент. 29, 2025 4:01:46 AM app.model.Decorate setAddons
FINE: Setting 0 addons
сент. 29, 2025 4:01:46 AM app.model.Decorate draw
FINER: Drawing decorated shape
сент. 29, 2025 4:01:46 AM app.model.Decorate <init>
FINE: Decorate created for shape: Пятиугольник
сент. 29, 2025 4:01:46 AM app.model.Decorate setAddons
FINE: Setting 0 addons
сент. 29, 2025 4:01:46 AM app.model.Decorate draw
FINER: Drawing decorated shape
сент. 29, 2025 4:01:46 AM app.model.Decorate <init>
FINE: Decorate created for shape: Пятиугольник
сент. 29, 2025 4:01:46 AM app.model.Decorate setAddons
FINE: Setting 0 addons
сент. 29, 2025 4:01:46 AM app.model.Decorate draw
FINER: Drawing decorated shape
сент. 29, 2025 4:01:46 AM app.model.Decorate <init>
FINE: Decorate created for shape: Пятиугольник
сент. 29, 2025 4:01:46 AM app.model.Decorate setAddons
FINE: Setting 0 addons
сент. 29, 2025 4:01:46 AM app.model.Decorate draw
FINER: Drawing decorated shape
сент. 29, 2025 4:01:46 AM app.model.Decorate <init>
FINE: Decorate created for shape: Пятиугольник
сент. 29, 2025 4:01:46 AM app.model.Decorate setAddons
FINE: Setting 0 addons
сент. 29, 2025 4:01:46 AM app.model.Decorate draw
FINER: Drawing decorated shape
сент. 29, 2025 4:01:46 AM app.model.Decorate <init>
FINE: Decorate created for shape: Пятиугольник
сент. 29, 2025 4:01:46 AM app.model.Decorate setAddons
FINE: Setting 0 addons
сент. 29, 2025 4:01:46 AM app.model.Decorate draw
FINER: Drawing decorated shape
сент. 29, 2025 4:01:46 AM app.model.Decorate <init>
FINE: Decorate created for shape: Пятиугольник
сент. 29, 2025 4:01:46 AM app.model.Decorate setAddons
FINE: Setting 0 addons
сент. 29, 2025 4:01:46 AM app.model.Decorate draw
FINER: Drawing decorated shape
сент. 29, 2025 4:01:46 AM app.model.Decorate <init>
FINE: Decorate created for shape: Пятиугольник
сент. 29, 2025 4:01:46 AM app.model.Decorate setAddons
FINE: Setting 0 addons
сент. 29, 2025 4:01:46 AM app.model.Decorate draw
FINER: Drawing decorated shape
сент. 29, 2025 4:01:46 AM app.model.Decorate <init>
FINE: Decorate created for shape: Пятиугольник
сент. 29, 2025 4:01:46 AM app.model.Decorate setAddons
FINE: Setting 0 addons
сент. 29, 2025 4:01:46 AM app.model.Decorate draw
FINER: Drawing decorated shape
сент. 29, 2025 4:01:46 AM app.model.Decorate <init>
FINE: Decorate created for shape: Пятиугольник
сент. 29, 2025 4:01:46 AM app.model.Decorate setAddons
FINE: Setting 0 addons
сент. 29, 2025 4:01:46 AM app.model.Decorate draw
FINER: Drawing decorated shape
сент. 29, 2025 4:01:46 AM app.model.Decorate <init>
FINE: Decorate created for shape: Пятиугольник
сент. 29, 2025 4:01:46 AM app.model.Decorate setAddons
FINE: Setting 0 addons
сент. 29, 2025 4:01:46 AM app.model.Decorate draw
FINER: Drawing decorated shape
сент. 29, 2025 4:01:46 AM app.model.Decorate <init>
FINE: Decorate created for shape: Пятиугольник
сент. 29, 2025 4:01:46 AM app.model.Decorate setAddons
FINE: Setting 0 addons
сент. 29, 2025 4:01:46 AM app.model.Decorate draw
FINER: Drawing decorated shape
сент. 29, 2025 4:01:46 AM app.model.Decorate <init>
FINE: Decorate created for shape: Пятиугольник
сент. 29, 2025 4:01:46 AM app.model.Decorate setAddons
FINE: Setting 0 addons
сент. 29, 2025 4:01:46 AM app.model.Decorate draw
FINER: Drawing decorated shape
сент. 29, 2025 4:01:46 AM app.model.Decorate <init>
FINE: Decorate created for shape: Пятиугольник
сент. 29, 2025 4:01:46 AM app.model.Decorate setAddons
FINE: Setting 0 addons
сент. 29, 2025 4:01:46 AM app.model.Decorate draw
FINER: Drawing decorated shape
сент. 29, 2025 4:01:46 AM app.model.Decorate <init>
FINE: Decorate created for shape: Пятиугольник
сент. 29, 2025 4:01:46 AM app.model.Decorate setAddons
FINE: Setting 0 addons
сент. 29, 2025 4:01:46 AM app.model.Decorate draw
FINER: Drawing decorated shape
сент. 29, 2025 4:01:46 AM app.model.Decorate <init>
FINE: Decorate created for shape: Пятиугольник
сент. 29, 2025 4:01:46 AM app.model.Decorate setAddons
FINE: Setting 0 addons
сент. 29, 2025 4:01:46 AM app.model.Decorate draw
FINER: Drawing decorated shape
сент. 29, 2025 4:01:46 AM app.model.Decorate <init>
FINE: Decorate created for shape: Пятиугольник
сент. 29, 2025 4:01:46 AM app.model.Decorate setAddons
FINE: Setting 0 addons
сент. 29, 2025 4:01:46 AM app.model.Decorate draw
FINER: Drawing decorated shape
сент. 29, 2025 4:01:46 AM app.model.Decorate <init>
FINE: Decorate created for shape: Пятиугольник
сент. 29, 2025 4:01:46 AM app.model.Decorate setAddons
FINE: Setting 0 addons
сент. 29, 2025 4:01:46 AM app.model.Decorate draw
FINER: Drawing decorated shape
сент. 29, 2025 4:01:46 AM app.model.Decorate <init>
FINE: Decorate created for shape: Пятиугольник
сент. 29, 2025 4:01:46 AM app.model.Decorate setAddons
FINE: Setting 0 addons
сент. 29, 2025 4:01:46 AM app.model.Decorate draw
FINER: Drawing decorated shape
сент. 29, 2025 4:01:46 AM app.model.Decorate <init>
FINE: Decorate created for shape: Пятиугольник
сент. 29, 2025 4:01:46 AM app.model.Decorate setAddons
FINE: Setting 0 addons
сент. 29, 2025 4:01:46 AM app.model.Decorate draw
FINER: Drawing decorated shape
сент. 29, 2025 4:01:46 AM app.model.Decorate <init>
FINE: Decorate created for shape: Пятиугольник
сент. 29, 2025 4:01:46 AM app.model.Decorate setAddons
FINE: Setting 0 addons
сент. 29, 2025 4:01:46 AM app.model.Decorate draw
FINER: Drawing decorated shape
сент. 29, 2025 4:01:46 AM app.model.Decorate <init>
FINE: Decorate created for shape: Пятиугольник
сент. 29, 2025 4:01:46 AM app.model.Decorate setAddons
FINE: Setting 0 addons
сент. 29, 2025 4:01:46 AM app.model.Decorate draw
FINER: Drawing decorated shape
сент. 29, 2025 4:01:46 AM app.model.Decorate <init>
FINE: Decorate created for shape: Пятиугольник
сент. 29, 2025 4:01:46 AM app.model.Decorate setAddons
FINE: Setting 0 addons
сент. 29, 2025 4:01:46 AM app.model.Decorate draw
FINER: Drawing decorated shape
сент. 29, 2025 4:01:46 AM app.model.Decorate <init>
FINE: Decorate created for shape: Пятиугольник
сент. 29, 2025 4:01:46 AM app.model.Decorate setAddons
FINE: Setting 0 addons
сент. 29, 2025 4:01:46 AM app.model.Decorate draw
FINER: Drawing decorated shape
сент. 29, 2025 4:01:46 AM app.model.Decorate <init>
FINE: Decorate created for shape: Пятиугольник
сент. 29, 2025 4:01:46 AM app.model.Decorate setAddons
FINE: Setting 0 addons
сент. 29, 2025 4:01:46 AM app.model.Decorate draw
FINER: Drawing decorated shape
сент. 29, 2025 4:01:46 AM app.model.Decorate <init>
FINE: Decorate created for shape: Пятиугольник
сент. 29, 2025 4:01:46 AM app.model.Decorate setAddons
FINE: Setting 0 addons
сент. 29, 2025 4:01:46 AM app.model.Decorate draw
FINER: Drawing decorated shape
сент. 29, 2025 4:01:46 AM app.model.Decorate <init>
FINE: Decorate created for shape: Пятиугольник
сент. 29, 2025 4:01:46 AM app.model.Decorate setAddons
FINE: Setting 0 addons
сент. 29, 2025 4:01:46 AM app.model.Decorate draw
FINER: Drawing decorated shape
сент. 29, 2025 4:01:46 AM app.model.Decorate <init>
FINE: Decorate created for shape: Пятиугольник
сент. 29, 2025 4:01:46 AM app.model.Decorate setAddons
FINE: Setting 0 addons
сент. 29, 2025 4:01:46 AM app.model.Decorate draw
FINER: Drawing decorated shape
сент. 29, 2025 4:01:46 AM app.model.Decorate <init>
FINE: Decorate created for shape: Пятиугольник
сент. 29, 2025 4:01:46 AM app.model.Decorate setAddons
FINE: Setting 0 addons
сент. 29, 2025 4:01:46 AM app.model.Decorate draw
FINER: Drawing decorated shape
сент. 29, 2025 4:01:47 AM app.model.Decorate <init>
FINE: Decorate created for shape: Пятиугольник
сент. 29, 2025 4:01:47 AM app.model.Decorate setAddons
FINE: Setting 0 addons
сент. 29, 2025 4:01:47 AM app.model.Decorate draw
FINER: Drawing decorated shape
сент. 29, 2025 4:01:47 AM app.model.Decorate <init>
FINE: Decorate created for shape: Пятиугольник
сент. 29, 2025 4:01:47 AM app.model.Decorate setAddons
FINE: Setting 0 addons
сент. 29, 2025 4:01:47 AM app.model.Decorate draw
FINER: Drawing decorated shape
сент. 29, 2025 4:01:47 AM app.model.Decorate <init>
FINE: Decorate created for shape: Пятиугольник
сент. 29, 2025 4:01:47 AM app.model.Decorate setAddons
FINE: Setting 0 addons
сент. 29, 2025 4:01:47 AM app.model.Decorate draw
FINER: Drawing decorated shape
сент. 29, 2025 4:01:47 AM app.model.Decorate <init>
FINE: Decorate created for shape: Пятиугольник
сент. 29, 2025 4:01:47 AM app.model.Decorate setAddons
FINE: Setting 0 addons
сент. 29, 2025 4:01:47 AM app.model.Decorate draw
FINER: Drawing decorated shape
сент. 29, 2025 4:01:47 AM app.model.Decorate <init>
FINE: Decorate created for shape: Пятиугольник
сент. 29, 2025 4:01:47 AM app.model.Decorate setAddons
FINE: Setting 0 addons
сент. 29, 2025 4:01:47 AM app.model.Decorate draw
FINER: Drawing decorated shape
сент. 29, 2025 4:01:47 AM app.model.Decorate <init>
FINE: Decorate created for shape: Пятиугольник
сент. 29, 2025 4:01:47 AM app.model.Decorate setAddons
FINE: Setting 0 addons
сент. 29, 2025 4:01:47 AM app.model.Decorate draw
FINER: Drawing decorated shape
сент. 29, 2025 4:01:47 AM app.model.Decorate <init>
FINE: Decorate created for shape: Пятиугольник
сент. 29, 2025 4:01:47 AM app.model.Decorate setAddons
FINE: Setting 0 addons
сент. 29, 2025 4:01:47 AM app.model.Decorate draw
FINER: Drawing decorated shape
сент. 29, 2025 4:01:47 AM app.model.Decorate <init>
FINE: Decorate created for shape: Пятиугольник
сент. 29, 2025 4:01:47 AM app.model.Decorate setAddons
FINE: Setting 0 addons
сент. 29, 2025 4:01:47 AM app.model.Decorate draw
FINER: Drawing decorated shape
сент. 29, 2025 4:01:47 AM app.model.Decorate <init>
FINE: Decorate created for shape: Пятиугольник
сент. 29, 2025 4:01:47 AM app.model.Decorate setAddons
FINE: Setting 0 addons
сент. 29, 2025 4:01:47 AM app.model.Decorate draw
FINER: Drawing decorated shape
сент. 29, 2025 4:01:47 AM app.model.Decorate <init>
FINE: Decorate created for shape: Пятиугольник
сент. 29, 2025 4:01:47 AM app.model.Decorate setAddons
FINE: Setting 0 addons
сент. 29, 2025 4:01:47 AM app.model.Decorate draw
FINER: Drawing decorated shape
сент. 29, 2025 4:01:47 AM app.model.Decorate <init>
FINE: Decorate created for shape: Пятиугольник
сент. 29, 2025 4:01:47 AM app.model.Decorate setAddons
FINE: Setting 0 addons
сент. 29, 2025 4:01:47 AM app.model.Decorate draw
FINER: Drawing decorated shape
сент. 29, 2025 4:01:47 AM app.model.Decorate <init>
FINE: Decorate created for shape: Пятиугольник
сент. 29, 2025 4:01:47 AM app.model.Decorate setAddons
FINE: Setting 0 addons
сент. 29, 2025 4:01:47 AM app.model.Decorate draw
FINER: Drawing decorated shape
сент. 29, 2025 4:01:47 AM app.model.Decorate <init>
FINE: Decorate created for shape: Пятиугольник
сент. 29, 2025 4:01:47 AM app.model.Decorate setAddons
FINE: Setting 0 addons
сент. 29, 2025 4:01:47 AM app.model.Decorate draw
FINER: Drawing decorated shape
сент. 29, 2025 4:01:47 AM app.model.Decorate <init>
FINE: Decorate created for shape: Пятиугольник
сент. 29, 2025 4:01:47 AM app.model.Decorate setAddons
FINE: Setting 0 addons
сент. 29, 2025 4:01:47 AM app.model.Decorate draw
FINER: Drawing decorated shape
