сент. 29, 2025 4:01:43 AM app.model.EffectShape <init>
INFO: Creating EffectShape
сент. 29, 2025 4:01:43 AM app.model.EffectShape <init>
INFO: EffectShape initialized with 4 effects
сент. 29, 2025 4:01:43 AM app.model.EffectShape getEffect
FINE: Getting effect: NONE
сент. 29, 2025 4:01:43 AM app.model.EffectShape <init>
INFO: Creating EffectShape
сент. 29, 2025 4:01:43 AM app.model.EffectShape <init>
INFO: EffectShape initialized with 4 effects
сент. 29, 2025 4:01:43 AM app.model.EffectShape getEffect
FINE: Getting effect: NONE
сент. 29, 2025 4:01:43 AM app.model.EffectShape <init>
INFO: Creating EffectShape
сент. 29, 2025 4:01:43 AM app.model.EffectShape <init>
INFO: EffectShape initialized with 4 effects
сент. 29, 2025 4:01:43 AM app.model.EffectShape getEffect
FINE: Getting effect: NONE
сент. 29, 2025 4:01:43 AM app.model.EffectShape <init>
INFO: Creating EffectShape
сент. 29, 2025 4:01:43 AM app.model.EffectShape <init>
INFO: EffectShape initialized with 4 effects
сент. 29, 2025 4:01:43 AM app.model.EffectShape getEffect
FINE: Getting effect: NONE
сент. 29, 2025 4:01:43 AM app.model.EffectShape <init>
INFO: Creating EffectShape
сент. 29, 2025 4:01:43 AM app.model.EffectShape <init>
INFO: EffectShape initialized with 4 effects
сент. 29, 2025 4:01:43 AM app.model.EffectShape getEffect
FINE: Getting effect: NONE
сент. 29, 2025 4:01:43 AM app.model.EffectShape <init>
INFO: Creating EffectShape
сент. 29, 2025 4:01:43 AM app.model.EffectShape <init>
INFO: EffectShape initialized with 4 effects
сент. 29, 2025 4:01:43 AM app.model.EffectShape getEffect
FINE: Getting effect: NONE
сент. 29, 2025 4:01:43 AM app.model.EffectShape <init>
INFO: Creating EffectShape
сент. 29, 2025 4:01:43 AM app.model.EffectShape <init>
INFO: EffectShape initialized with 4 effects
сент. 29, 2025 4:01:43 AM app.model.EffectShape getEffect
FINE: Getting effect: NONE
сент. 29, 2025 4:01:43 AM app.model.EffectShape <init>
INFO: Creating EffectShape
сент. 29, 2025 4:01:43 AM app.model.EffectShape <init>
INFO: EffectShape initialized with 4 effects
сент. 29, 2025 4:01:43 AM app.model.EffectShape getEffect
FINE: Getting effect: NONE
сент. 29, 2025 4:01:43 AM app.model.EffectShape <init>
INFO: Creating EffectShape
сент. 29, 2025 4:01:43 AM app.model.EffectShape <init>
INFO: EffectShape initialized with 4 effects
сент. 29, 2025 4:01:43 AM app.model.EffectShape getEffect
FINE: Getting effect: NONE
сент. 29, 2025 4:01:44 AM app.model.EffectShape <init>
INFO: Creating EffectShape
сент. 29, 2025 4:01:44 AM app.model.EffectShape <init>
INFO: EffectShape initialized with 4 effects
сент. 29, 2025 4:01:44 AM app.model.EffectShape getEffect
FINE: Getting effect: NONE
сент. 29, 2025 4:01:44 AM app.model.EffectShape <init>
INFO: Creating EffectShape
сент. 29, 2025 4:01:44 AM app.model.EffectShape <init>
INFO: EffectShape initialized with 4 effects
сент. 29, 2025 4:01:44 AM app.model.EffectShape getEffect
FINE: Getting effect: NONE
сент. 29, 2025 4:01:44 AM app.model.EffectShape <init>
INFO: Creating EffectShape
сент. 29, 2025 4:01:44 AM app.model.EffectShape <init>
INFO: EffectShape initialized with 4 effects
сент. 29, 2025 4:01:44 AM app.model.EffectShape getEffect
FINE: Getting effect: NONE
сент. 29, 2025 4:01:44 AM app.model.EffectShape <init>
INFO: Creating EffectShape
сент. 29, 2025 4:01:44 AM app.model.EffectShape <init>
INFO: EffectShape initialized with 4 effects
сент. 29, 2025 4:01:44 AM app.model.EffectShape getEffect
FINE: Getting effect: NONE
сент. 29, 2025 4:01:44 AM app.model.EffectShape <init>
INFO: Creating EffectShape
сент. 29, 2025 4:01:44 AM app.model.EffectShape <init>
INFO: EffectShape initialized with 4 effects
сент. 29, 2025 4:01:44 AM app.model.EffectShape getEffect
FINE: Getting effect: NONE
сент. 29, 2025 4:01:44 AM app.model.EffectShape <init>
INFO: Creating EffectShape
сент. 29, 2025 4:01:44 AM app.model.EffectShape <init>
INFO: EffectShape initialized with 4 effects
сент. 29, 2025 4:01:44 AM app.model.EffectShape getEffect
FINE: Getting effect: NONE
сент. 29, 2025 4:01:44 AM app.model.EffectShape <init>
INFO: Creating EffectShape
сент. 29, 2025 4:01:44 AM app.model.EffectShape <init>
INFO: EffectShape initialized with 4 effects
сент. 29, 2025 4:01:44 AM app.model.EffectShape getEffect
FINE: Getting effect: NONE
сент. 29, 2025 4:01:44 AM app.model.EffectShape <init>
INFO: Creating EffectShape
сент. 29, 2025 4:01:44 AM app.model.EffectShape <init>
INFO: EffectShape initialized with 4 effects
сент. 29, 2025 4:01:44 AM app.model.EffectShape getEffect
FINE: Getting effect: NONE
сент. 29, 2025 4:01:44 AM app.model.EffectShape <init>
INFO: Creating EffectShape
сент. 29, 2025 4:01:44 AM app.model.EffectShape <init>
INFO: EffectShape initialized with 4 effects
сент. 29, 2025 4:01:44 AM app.model.EffectShape getEffect
FINE: Getting effect: NONE
сент. 29, 2025 4:01:45 AM app.model.EffectShape <init>
INFO: Creating EffectShape
сент. 29, 2025 4:01:45 AM app.model.EffectShape <init>
INFO: EffectShape initialized with 4 effects
сент. 29, 2025 4:01:45 AM app.model.EffectShape getEffect
FINE: Getting effect: NONE
сент. 29, 2025 4:01:45 AM app.model.EffectShape <init>
INFO: Creating EffectShape
сент. 29, 2025 4:01:45 AM app.model.EffectShape <init>
INFO: EffectShape initialized with 4 effects
сент. 29, 2025 4:01:45 AM app.model.EffectShape getEffect
FINE: Getting effect: NONE
сент. 29, 2025 4:01:45 AM app.model.EffectShape <init>
INFO: Creating EffectShape
сент. 29, 2025 4:01:45 AM app.model.EffectShape <init>
INFO: EffectShape initialized with 4 effects
сент. 29, 2025 4:01:45 AM app.model.EffectShape getEffect
FINE: Getting effect: NONE
сент. 29, 2025 4:01:45 AM app.model.EffectShape <init>
INFO: Creating EffectShape
сент. 29, 2025 4:01:45 AM app.model.EffectShape <init>
INFO: EffectShape initialized with 4 effects
сент. 29, 2025 4:01:45 AM app.model.EffectShape getEffect
FINE: Getting effect: NONE
сент. 29, 2025 4:01:45 AM app.model.EffectShape <init>
INFO: Creating EffectShape
сент. 29, 2025 4:01:45 AM app.model.EffectShape <init>
INFO: EffectShape initialized with 4 effects
сент. 29, 2025 4:01:45 AM app.model.EffectShape getEffect
FINE: Getting effect: NONE
сент. 29, 2025 4:01:45 AM app.model.EffectShape <init>
INFO: Creating EffectShape
сент. 29, 2025 4:01:45 AM app.model.EffectShape <init>
INFO: EffectShape initialized with 4 effects
сент. 29, 2025 4:01:45 AM app.model.EffectShape getEffect
FINE: Getting effect: NONE
сент. 29, 2025 4:01:45 AM app.model.EffectShape <init>
INFO: Creating EffectShape
сент. 29, 2025 4:01:45 AM app.model.EffectShape <init>
INFO: EffectShape initialized with 4 effects
сент. 29, 2025 4:01:45 AM app.model.EffectShape getEffect
FINE: Getting effect: NONE
сент. 29, 2025 4:01:45 AM app.model.EffectShape <init>
INFO: Creating EffectShape
сент. 29, 2025 4:01:45 AM app.model.EffectShape <init>
INFO: EffectShape initialized with 4 effects
сент. 29, 2025 4:01:45 AM app.model.EffectShape getEffect
FINE: Getting effect: NONE
сент. 29, 2025 4:01:45 AM app.model.EffectShape <init>
INFO: Creating EffectShape
сент. 29, 2025 4:01:45 AM app.model.EffectShape <init>
INFO: EffectShape initialized with 4 effects
сент. 29, 2025 4:01:45 AM app.model.EffectShape getEffect
FINE: Getting effect: NONE
сент. 29, 2025 4:01:46 AM app.model.EffectShape <init>
INFO: Creating EffectShape
сент. 29, 2025 4:01:46 AM app.model.EffectShape <init>
INFO: EffectShape initialized with 4 effects
сент. 29, 2025 4:01:46 AM app.model.EffectShape getEffect
FINE: Getting effect: NONE
сент. 29, 2025 4:01:46 AM app.model.EffectShape <init>
INFO: Creating EffectShape
сент. 29, 2025 4:01:46 AM app.model.EffectShape <init>
INFO: EffectShape initialized with 4 effects
сент. 29, 2025 4:01:46 AM app.model.EffectShape getEffect
FINE: Getting effect: NONE
сент. 29, 2025 4:01:46 AM app.model.EffectShape <init>
INFO: Creating EffectShape
сент. 29, 2025 4:01:46 AM app.model.EffectShape <init>
INFO: EffectShape initialized with 4 effects
сент. 29, 2025 4:01:46 AM app.model.EffectShape getEffect
FINE: Getting effect: NONE
сент. 29, 2025 4:01:46 AM app.model.EffectShape <init>
INFO: Creating EffectShape
сент. 29, 2025 4:01:46 AM app.model.EffectShape <init>
INFO: EffectShape initialized with 4 effects
сент. 29, 2025 4:01:46 AM app.model.EffectShape getEffect
FINE: Getting effect: NONE
сент. 29, 2025 4:01:46 AM app.model.EffectShape <init>
INFO: Creating EffectShape
сент. 29, 2025 4:01:46 AM app.model.EffectShape <init>
INFO: EffectShape initialized with 4 effects
сент. 29, 2025 4:01:46 AM app.model.EffectShape getEffect
FINE: Getting effect: NONE
сент. 29, 2025 4:01:46 AM app.model.EffectShape <init>
INFO: Creating EffectShape
сент. 29, 2025 4:01:46 AM app.model.EffectShape <init>
INFO: EffectShape initialized with 4 effects
сент. 29, 2025 4:01:46 AM app.model.EffectShape getEffect
FINE: Getting effect: NONE
сент. 29, 2025 4:01:46 AM app.model.EffectShape <init>
INFO: Creating EffectShape
сент. 29, 2025 4:01:46 AM app.model.EffectShape <init>
INFO: EffectShape initialized with 4 effects
сент. 29, 2025 4:01:46 AM app.model.EffectShape getEffect
FINE: Getting effect: NONE
сент. 29, 2025 4:01:46 AM app.model.EffectShape <init>
INFO: Creating EffectShape
сент. 29, 2025 4:01:46 AM app.model.EffectShape <init>
INFO: EffectShape initialized with 4 effects
сент. 29, 2025 4:01:46 AM app.model.EffectShape getEffect
FINE: Getting effect: NONE
сент. 29, 2025 4:01:46 AM app.model.EffectShape <init>
INFO: Creating EffectShape
сент. 29, 2025 4:01:46 AM app.model.EffectShape <init>
INFO: EffectShape initialized with 4 effects
сент. 29, 2025 4:01:46 AM app.model.EffectShape getEffect
FINE: Getting effect: NONE
сент. 29, 2025 4:01:46 AM app.model.EffectShape <init>
INFO: Creating EffectShape
сент. 29, 2025 4:01:46 AM app.model.EffectShape <init>
INFO: EffectShape initialized with 4 effects
сент. 29, 2025 4:01:46 AM app.model.EffectShape getEffect
FINE: Getting effect: NONE
сент. 29, 2025 4:01:46 AM app.model.EffectShape <init>
INFO: Creating EffectShape
сент. 29, 2025 4:01:46 AM app.model.EffectShape <init>
INFO: EffectShape initialized with 4 effects
сент. 29, 2025 4:01:46 AM app.model.EffectShape getEffect
FINE: Getting effect: NONE
сент. 29, 2025 4:01:46 AM app.model.EffectShape <init>
INFO: Creating EffectShape
сент. 29, 2025 4:01:46 AM app.model.EffectShape <init>
INFO: EffectShape initialized with 4 effects
сент. 29, 2025 4:01:46 AM app.model.EffectShape getEffect
FINE: Getting effect: NONE
сент. 29, 2025 4:01:46 AM app.model.EffectShape <init>
INFO: Creating EffectShape
сент. 29, 2025 4:01:46 AM app.model.EffectShape <init>
INFO: EffectShape initialized with 4 effects
сент. 29, 2025 4:01:46 AM app.model.EffectShape getEffect
FINE: Getting effect: NONE
сент. 29, 2025 4:01:46 AM app.model.EffectShape <init>
INFO: Creating EffectShape
сент. 29, 2025 4:01:46 AM app.model.EffectShape <init>
INFO: EffectShape initialized with 4 effects
сент. 29, 2025 4:01:46 AM app.model.EffectShape getEffect
FINE: Getting effect: NONE
сент. 29, 2025 4:01:46 AM app.model.EffectShape <init>
INFO: Creating EffectShape
сент. 29, 2025 4:01:46 AM app.model.EffectShape <init>
INFO: EffectShape initialized with 4 effects
сент. 29, 2025 4:01:46 AM app.model.EffectShape getEffect
FINE: Getting effect: NONE
сент. 29, 2025 4:01:46 AM app.model.EffectShape <init>
INFO: Creating EffectShape
сент. 29, 2025 4:01:46 AM app.model.EffectShape <init>
INFO: EffectShape initialized with 4 effects
сент. 29, 2025 4:01:46 AM app.model.EffectShape getEffect
FINE: Getting effect: NONE
сент. 29, 2025 4:01:46 AM app.model.EffectShape <init>
INFO: Creating EffectShape
сент. 29, 2025 4:01:46 AM app.model.EffectShape <init>
INFO: EffectShape initialized with 4 effects
сент. 29, 2025 4:01:46 AM app.model.EffectShape getEffect
FINE: Getting effect: NONE
сент. 29, 2025 4:01:46 AM app.model.EffectShape <init>
INFO: Creating EffectShape
сент. 29, 2025 4:01:46 AM app.model.EffectShape <init>
INFO: EffectShape initialized with 4 effects
сент. 29, 2025 4:01:46 AM app.model.EffectShape getEffect
FINE: Getting effect: NONE
сент. 29, 2025 4:01:46 AM app.model.EffectShape <init>
INFO: Creating EffectShape
сент. 29, 2025 4:01:46 AM app.model.EffectShape <init>
INFO: EffectShape initialized with 4 effects
сент. 29, 2025 4:01:46 AM app.model.EffectShape getEffect
FINE: Getting effect: NONE
сент. 29, 2025 4:01:46 AM app.model.EffectShape <init>
INFO: Creating EffectShape
сент. 29, 2025 4:01:46 AM app.model.EffectShape <init>
INFO: EffectShape initialized with 4 effects
сент. 29, 2025 4:01:46 AM app.model.EffectShape getEffect
FINE: Getting effect: NONE
сент. 29, 2025 4:01:46 AM app.model.EffectShape <init>
INFO: Creating EffectShape
сент. 29, 2025 4:01:46 AM app.model.EffectShape <init>
INFO: EffectShape initialized with 4 effects
сент. 29, 2025 4:01:46 AM app.model.EffectShape getEffect
FINE: Getting effect: NONE
сент. 29, 2025 4:01:46 AM app.model.EffectShape <init>
INFO: Creating EffectShape
сент. 29, 2025 4:01:46 AM app.model.EffectShape <init>
INFO: EffectShape initialized with 4 effects
сент. 29, 2025 4:01:46 AM app.model.EffectShape getEffect
FINE: Getting effect: NONE
сент. 29, 2025 4:01:46 AM app.model.EffectShape <init>
INFO: Creating EffectShape
сент. 29, 2025 4:01:46 AM app.model.EffectShape <init>
INFO: EffectShape initialized with 4 effects
сент. 29, 2025 4:01:46 AM app.model.EffectShape getEffect
FINE: Getting effect: NONE
сент. 29, 2025 4:01:46 AM app.model.EffectShape <init>
INFO: Creating EffectShape
сент. 29, 2025 4:01:46 AM app.model.EffectShape <init>
INFO: EffectShape initialized with 4 effects
сент. 29, 2025 4:01:46 AM app.model.EffectShape getEffect
FINE: Getting effect: NONE
сент. 29, 2025 4:01:46 AM app.model.EffectShape <init>
INFO: Creating EffectShape
сент. 29, 2025 4:01:46 AM app.model.EffectShape <init>
INFO: EffectShape initialized with 4 effects
сент. 29, 2025 4:01:46 AM app.model.EffectShape getEffect
FINE: Getting effect: NONE
сент. 29, 2025 4:01:46 AM app.model.EffectShape <init>
INFO: Creating EffectShape
сент. 29, 2025 4:01:46 AM app.model.EffectShape <init>
INFO: EffectShape initialized with 4 effects
сент. 29, 2025 4:01:46 AM app.model.EffectShape getEffect
FINE: Getting effect: NONE
сент. 29, 2025 4:01:46 AM app.model.EffectShape <init>
INFO: Creating EffectShape
сент. 29, 2025 4:01:46 AM app.model.EffectShape <init>
INFO: EffectShape initialized with 4 effects
сент. 29, 2025 4:01:46 AM app.model.EffectShape getEffect
FINE: Getting effect: NONE
сент. 29, 2025 4:01:46 AM app.model.EffectShape <init>
INFO: Creating EffectShape
сент. 29, 2025 4:01:46 AM app.model.EffectShape <init>
INFO: EffectShape initialized with 4 effects
сент. 29, 2025 4:01:46 AM app.model.EffectShape getEffect
FINE: Getting effect: NONE
сент. 29, 2025 4:01:46 AM app.model.EffectShape <init>
INFO: Creating EffectShape
сент. 29, 2025 4:01:46 AM app.model.EffectShape <init>
INFO: EffectShape initialized with 4 effects
сент. 29, 2025 4:01:46 AM app.model.EffectShape getEffect
FINE: Getting effect: NONE
сент. 29, 2025 4:01:46 AM app.model.EffectShape <init>
INFO: Creating EffectShape
сент. 29, 2025 4:01:46 AM app.model.EffectShape <init>
INFO: EffectShape initialized with 4 effects
сент. 29, 2025 4:01:46 AM app.model.EffectShape getEffect
FINE: Getting effect: NONE
сент. 29, 2025 4:01:46 AM app.model.EffectShape <init>
INFO: Creating EffectShape
сент. 29, 2025 4:01:46 AM app.model.EffectShape <init>
INFO: EffectShape initialized with 4 effects
сент. 29, 2025 4:01:46 AM app.model.EffectShape getEffect
FINE: Getting effect: NONE
сент. 29, 2025 4:01:47 AM app.model.EffectShape <init>
INFO: Creating EffectShape
сент. 29, 2025 4:01:47 AM app.model.EffectShape <init>
INFO: EffectShape initialized with 4 effects
сент. 29, 2025 4:01:47 AM app.model.EffectShape getEffect
FINE: Getting effect: NONE
сент. 29, 2025 4:01:47 AM app.model.EffectShape <init>
INFO: Creating EffectShape
сент. 29, 2025 4:01:47 AM app.model.EffectShape <init>
INFO: EffectShape initialized with 4 effects
сент. 29, 2025 4:01:47 AM app.model.EffectShape getEffect
FINE: Getting effect: NONE
сент. 29, 2025 4:01:47 AM app.model.EffectShape <init>
INFO: Creating EffectShape
сент. 29, 2025 4:01:47 AM app.model.EffectShape <init>
INFO: EffectShape initialized with 4 effects
сент. 29, 2025 4:01:47 AM app.model.EffectShape getEffect
FINE: Getting effect: NONE
сент. 29, 2025 4:01:47 AM app.model.EffectShape <init>
INFO: Creating EffectShape
сент. 29, 2025 4:01:47 AM app.model.EffectShape <init>
INFO: EffectShape initialized with 4 effects
сент. 29, 2025 4:01:47 AM app.model.EffectShape getEffect
FINE: Getting effect: NONE
сент. 29, 2025 4:01:47 AM app.model.EffectShape <init>
INFO: Creating EffectShape
сент. 29, 2025 4:01:47 AM app.model.EffectShape <init>
INFO: EffectShape initialized with 4 effects
сент. 29, 2025 4:01:47 AM app.model.EffectShape getEffect
FINE: Getting effect: NONE
сент. 29, 2025 4:01:47 AM app.model.EffectShape <init>
INFO: Creating EffectShape
сент. 29, 2025 4:01:47 AM app.model.EffectShape <init>
INFO: EffectShape initialized with 4 effects
сент. 29, 2025 4:01:47 AM app.model.EffectShape getEffect
FINE: Getting effect: NONE
сент. 29, 2025 4:01:47 AM app.model.EffectShape <init>
INFO: Creating EffectShape
сент. 29, 2025 4:01:47 AM app.model.EffectShape <init>
INFO: EffectShape initialized with 4 effects
сент. 29, 2025 4:01:47 AM app.model.EffectShape getEffect
FINE: Getting effect: NONE
сент. 29, 2025 4:01:47 AM app.model.EffectShape <init>
INFO: Creating EffectShape
сент. 29, 2025 4:01:47 AM app.model.EffectShape <init>
INFO: EffectShape initialized with 4 effects
сент. 29, 2025 4:01:47 AM app.model.EffectShape getEffect
FINE: Getting effect: NONE
сент. 29, 2025 4:01:47 AM app.model.EffectShape <init>
INFO: Creating EffectShape
сент. 29, 2025 4:01:47 AM app.model.EffectShape <init>
INFO: EffectShape initialized with 4 effects
сент. 29, 2025 4:01:47 AM app.model.EffectShape getEffect
FINE: Getting effect: NONE
сент. 29, 2025 4:01:47 AM app.model.EffectShape <init>
INFO: Creating EffectShape
сент. 29, 2025 4:01:47 AM app.model.EffectShape <init>
INFO: EffectShape initialized with 4 effects
сент. 29, 2025 4:01:47 AM app.model.EffectShape getEffect
FINE: Getting effect: NONE
сент. 29, 2025 4:01:47 AM app.model.EffectShape <init>
INFO: Creating EffectShape
сент. 29, 2025 4:01:47 AM app.model.EffectShape <init>
INFO: EffectShape initialized with 4 effects
сент. 29, 2025 4:01:47 AM app.model.EffectShape getEffect
FINE: Getting effect: NONE
сент. 29, 2025 4:01:47 AM app.model.EffectShape <init>
INFO: Creating EffectShape
сент. 29, 2025 4:01:47 AM app.model.EffectShape <init>
INFO: EffectShape initialized with 4 effects
сент. 29, 2025 4:01:47 AM app.model.EffectShape getEffect
FINE: Getting effect: NONE
сент. 29, 2025 4:01:47 AM app.model.EffectShape <init>
INFO: Creating EffectShape
сент. 29, 2025 4:01:47 AM app.model.EffectShape <init>
INFO: EffectShape initialized with 4 effects
сент. 29, 2025 4:01:47 AM app.model.EffectShape getEffect
FINE: Getting effect: NONE
сент. 29, 2025 4:01:47 AM app.model.EffectShape <init>
INFO: Creating EffectShape
сент. 29, 2025 4:01:47 AM app.model.EffectShape <init>
INFO: EffectShape initialized with 4 effects
сент. 29, 2025 4:01:47 AM app.model.EffectShape getEffect
FINE: Getting effect: NONE
